<?xml version="1.0" encoding="UTF-8"?>
<testsuite name="FunctionTest" tests="1" skipped="0" failures="0" errors="0" timestamp="2021-02-09T20:48:04" hostname="LAPTOP-VDA0N6ER" time="0.592">
  <properties/>
  <testcase name="TestMath2" classname="FunctionTest" time="0.592"/>
  <system-out><![CDATA[]]></system-out>
  <system-err><![CDATA[Warning: Nashorn engine is planned to be removed from a future JDK release
Warning: Nashorn engine is planned to be removed from a future JDK release
]]></system-err>
</testsuite>
